<?xml version="1.0" encoding="UTF-8"?>
<!-- Generated by org.testng.reporters.JUnitReportReporter -->
<testsuite hostname="sumi" name="automationFrameWork.TC_SignIn" tests="1" failures="0" timestamp="11 May 2017 00:25:42 GMT" time="43.179" errors="0">
  <testcase name="run" time="43.179" classname="automationFrameWork.TC_SignIn"/>
</testsuite> <!-- automationFrameWork.TC_SignIn -->
