<?xml version="1.0" encoding="UTF-8"?>
<!-- Generated by org.testng.reporters.JUnitReportReporter -->
<testsuite hostname="sumi" name="automationFrameWork.Module_TC" tests="1" failures="0" timestamp="2 May 2017 00:08:49 GMT" time="30.303" errors="0">
  <testcase name="run" time="30.303" classname="automationFrameWork.Module_TC"/>
</testsuite> <!-- automationFrameWork.Module_TC -->
