<?xml version="1.0" encoding="UTF-8"?>
<!-- Generated by org.testng.reporters.JUnitReportReporter -->
<testsuite hostname="sumi" name="automationFrameWork.TC_BuyAnIpad" tests="1" failures="0" timestamp="6 May 2017 02:38:12 GMT" time="58.961" errors="0">
  <testcase name="run" time="58.961" classname="automationFrameWork.TC_BuyAnIpad"/>
</testsuite> <!-- automationFrameWork.TC_BuyAnIpad -->
